build/app/intermediates/proguard-rules/release/aapt_rules.txt
# Referenced at merged_manifests/release/AndroidManifest.xml:36
-keep class androidx.core.app.CoreComponentFactory { <init>(); }
# Referenced at merged_manifests/release/AndroidManifest.xml:117
-keep class com.google.android.gms.common.api.GoogleApiActivity { <init>(); }
# Referenced at merged_manifests/release/AndroidManifest.xml:95
-keep class com.google.firebase.components.ComponentDiscoveryService { <init>(); }
# Referenced at merged_manifests/release/AndroidManifest.xml:110
-keep class com.google.firebase.provider.FirebaseInitProvider { <init>(); }
# Referenced at merged_manifests/release/AndroidManifest.xml:76
-keep class com.ryanheise.audioservice.AudioService { <init>(); }
# Referenced at merged_manifests/release/AndroidManifest.xml:41
-keep class com.ryanheise.audioservice.AudioServiceActivity { <init>(); }
# Referenced at merged_manifests/release/AndroidManifest.xml:82
-keep class com.ryanheise.audioservice.MediaButtonReceiver { <init>(); }
# Referenced at merged_manifests/release/AndroidManifest.xml:36
-keep class io.flutter.app.FlutterApplication { <init>(); }