build/app/outputs/mapping/release/mapping.txt
# compiler: R8
# compiler_version: 1.5.69
# min_api: 19
# pg_map_id: 432cd56
...
com.google.protobuf.PrimitiveNonBoxingCollection -> e.b.f.i1:
com.google.protobuf.ProtoSyntax -> e.b.f.j1:
    com.google.protobuf.ProtoSyntax[] $VALUES -> d
    com.google.protobuf.ProtoSyntax PROTO2 -> b
    com.google.protobuf.ProtoSyntax PROTO3 -> c
com.google.protobuf.Protobuf -> e.b.f.k1:
    com.google.protobuf.Protobuf INSTANCE -> c
    com.google.protobuf.SchemaFactory schemaFactory -> a
    java.util.concurrent.ConcurrentMap schemaCache -> b
    com.google.protobuf.Protobuf getInstance() -> a
    void mergeFrom(java.lang.Object,com.google.protobuf.Reader,com.google.protobuf.ExtensionRegistryLite) -> a
    com.google.protobuf.Schema registerSchema(java.lang.Class,com.google.protobuf.Schema) -> a
    com.google.protobuf.Schema schemaFor(java.lang.Class) -> a
    com.google.protobuf.Schema schemaFor(java.lang.Object) -> a
com.google.protobuf.ProtobufArrayList -> e.b.f.l1:
    java.lang.Object[] array -> c
    com.google.protobuf.ProtobufArrayList EMPTY_LIST -> e
    int size -> d
    com.google.protobuf.Internal$ProtobufList mutableCopyWithCapacity(int) -> a
    com.google.protobuf.ProtobufArrayList mutableCopyWithCapacity(int) -> a
    com.google.protobuf.ProtobufArrayList emptyList() -> b
    java.lang.Object[] createArray(int) -> c
    void ensureIndexInRange(int) -> d
    java.lang.String makeOutOfBoundsExceptionMessage(int) -> e
com.google.protobuf.ProtocolStringList -> e.b.f.m1:
com.google.protobuf.RawMessageInfo -> e.b.f.n1:
    com.google.protobuf.MessageLite defaultInstance -> a
    java.lang.Object[] objects -> c
    int flags -> d
    java.lang.String info -> b
    com.google.protobuf.ProtoSyntax getSyntax() -> a
    com.google.protobuf.MessageLite getDefaultInstance() -> b
    boolean isMessageSetWireFormat() -> c
    java.lang.Object[] getObjects() -> d
    java.lang.String getStringInfo() -> e
com.google.protobuf.Reader -> e.b.f.o1:
    com.google.protobuf.ByteString readBytes() -> a
    java.lang.Object readGroupBySchemaWithCheck(com.google.protobuf.Schema,com.google.protobuf.ExtensionRegistryLite) -> a
    void readGroupList(java.util.List,com.google.protobuf.Schema,com.google.protobuf.ExtensionRegistryLite) -> a
    void readMap(java.util.Map,com.google.protobuf.MapEntryLite$Metadata,com.google.protobuf.ExtensionRegistryLite) -> a
    java.lang.Object readMessage(java.lang.Class,com.google.protobuf.ExtensionRegistryLite) -> a
    void readUInt64List(java.util.List) -> a
    int readEnum() -> b
    java.lang.Object readGroup(java.lang.Class,com.google.protobuf.ExtensionRegistryLite) -> b
    java.lang.Object readMessageBySchemaWithCheck(com.google.protobuf.Schema,com.google.protobuf.ExtensionRegistryLite) -> b
    void readMessageList(java.util.List,com.google.protobuf.Schema,com.google.protobuf.ExtensionRegistryLite) -> b
    void readStringListRequireUtf8(java.util.List) -> b
    int getTag() -> c
    void readSInt32List(java.util.List) -> c
    void readFloatList(java.util.List) -> d
    int readUInt32() -> d
    void readFixed32List(java.util.List) -> e
    int readInt32() -> e
    void readSFixed32List(java.util.List) -> f
    long readUInt64() -> f
    long readFixed64() -> g
    void readSInt64List(java.util.List) -> g
    void readBytesList(java.util.List) -> h
    boolean skipField() -> h
    int readSInt32() -> i